Project Information                 c:\maxplus2\trabajo\sumayresta5\resta5.rpt

MAX+plus II Compiler Report File
Version 10.2 07/10/2002
Compiled: 04/17/2024 20:24:46

Copyright (C) 1988-2002 Altera Corporation
Any megafunction design, and related net list (encrypted or decrypted),
support information, device programming or simulation file, and any other
associated documentation or information provided by Altera or a partner
under Altera's Megafunction Partnership Program may be used only to
program PLD devices (but not masked PLD devices) from Altera.  Any other
use of such megafunction design, net list, support information, device
programming or simulation file, or any other related documentation or
information is prohibited for any other purpose, including, but not
limited to modification, reverse engineering, de-compiling, or use with
any other silicon devices, unless such use is explicitly licensed under
a separate agreement with Altera or a megafunction partner.  Title to
the intellectual property, including patents, copyrights, trademarks,
trade secrets, or maskworks, embodied in any such megafunction design,
net list, support information, device programming or simulation file, or
any other related documentation or information provided by Altera or a
megafunction partner, remains with Altera, the megafunction partner, or
their respective licensors.  No other licenses, including any licenses
needed under any third party's intellectual property, are provided herein.



***** Project compilation was successful


RESTA5


** DEVICE SUMMARY **

Chip/                     Input   Output   Bidir         Shareable
POF       Device          Pins    Pins     Pins     LCs  Expanders  % Utilized

resta5    EPM7032LC44-6    11       6        0      17      7           53 %

User Pins:                 11       6        0  



Project Information                 c:\maxplus2\trabajo\sumayresta5\resta5.rpt

** FILE HIERARCHY **



|sumador5:U0|


Device-Specific Information:        c:\maxplus2\trabajo\sumayresta5\resta5.rpt
resta5

***** Logic for device 'resta5' compiled without errors.




Device: EPM7032LC44-6

Device Options:
    Turbo Bit                                    = ON
    Security Bit                                 = OFF

                                               
                                               
                                               
                                               
                                               
                       V  G  G  G  G  G        
              x  x  y  C  N  N  N  N  N  s  s  
              0  3  2  C  D  D  D  D  D  3  4  
            -----------------------------------_ 
          /   6  5  4  3  2  1 44 43 42 41 40   | 
      x1 |  7                                39 | cout 
      x2 |  8                                38 | RESERVED 
      x4 |  9                                37 | RESERVED 
     GND | 10                                36 | RESERVED 
      y0 | 11                                35 | VCC 
      y1 | 12         EPM7032LC44-6          34 | RESERVED 
      y3 | 13                                33 | RESERVED 
      y4 | 14                                32 | RESERVED 
     VCC | 15                                31 | RESERVED 
       w | 16                                30 | GND 
      s2 | 17                                29 | RESERVED 
         |_  18 19 20 21 22 23 24 25 26 27 28  _| 
           ------------------------------------ 
              R  R  R  R  G  V  s  s  R  R  R  
              E  E  E  E  N  C  1  0  E  E  E  
              S  S  S  S  D  C        S  S  S  
              E  E  E  E              E  E  E  
              R  R  R  R              R  R  R  
              V  V  V  V              V  V  V  
              E  E  E  E              E  E  E  
              D  D  D  D              D  D  D  


N.C. = No Connect. This pin has no internal connection to the device.
VCC = Dedicated power pin, which MUST be connected to VCC.
GND = Dedicated ground pin or unused dedicated input, which MUST be connected to GND.
RESERVED = Unused I/O pin, which MUST be left unconnected.



Device-Specific Information:        c:\maxplus2\trabajo\sumayresta5\resta5.rpt
resta5

** RESOURCE USAGE **

                                                Shareable     External
Logic Array Block     Logic Cells   I/O Pins    Expanders   Interconnect

A:     LC1 - LC16     1/16(  6%)  12/16( 75%)   0/16(  0%)   4/36( 11%) 
B:    LC17 - LC32    16/16(100%)   5/16( 31%)  16/16(100%)  19/36( 52%) 


Total dedicated input pins used:                 0/4      (  0%)
Total I/O pins used:                            17/32     ( 53%)
Total logic cells used:                         17/32     ( 53%)
Total shareable expanders used:                  7/32     ( 21%)
Total Turbo logic cells used:                   17/32     ( 53%)
Total shareable expanders not available (n/a):   9/32     ( 28%)
Average fan-in:                                  5.11
Total fan-in:                                    87

Total input pins required:                      11
Total output pins required:                      6
Total bidirectional pins required:               0
Total logic cells required:                     17
Total flipflops required:                        0
Total product terms required:                   70
Total logic cells lending parallel expanders:    0
Total shareable expanders in database:           7

Synthesized logic cells:                        11/  32   ( 34%)



Device-Specific Information:        c:\maxplus2\trabajo\sumayresta5\resta5.rpt
resta5

** INPUTS **

                                         Shareable
                                         Expanders     Fan-In    Fan-Out
 Pin     LC  LAB  Primitive    Code   Total Shared n/a INP  FBK  OUT  FBK  Name
  16   (11)  (A)      INPUT               0      0   0    0    0    2   10  w
   6    (3)  (A)      INPUT               0      0   0    0    0    1    7  x0
   7    (4)  (A)      INPUT               0      0   0    0    0    0    7  x1
   8    (5)  (A)      INPUT               0      0   0    0    0    0    6  x2
   5    (2)  (A)      INPUT               0      0   0    0    0    0    1  x3
   9    (6)  (A)      INPUT               0      0   0    0    0    2    2  x4
  11    (7)  (A)      INPUT               0      0   0    0    0    1    7  y0
  12    (8)  (A)      INPUT               0      0   0    0    0    1    6  y1
   4    (1)  (A)      INPUT               0      0   0    0    0    1    3  y2
  13    (9)  (A)      INPUT               0      0   0    0    0    3    3  y3
  14   (10)  (A)      INPUT               0      0   0    0    0    2    0  y4


Code:

s = Synthesized pin or logic cell
t = Turbo logic cell
+ = Synchronous flipflop
! = NOT gate push-back
r = Fitter-inserted logic cell


Device-Specific Information:        c:\maxplus2\trabajo\sumayresta5\resta5.rpt
resta5

** OUTPUTS **

                                         Shareable
                                         Expanders     Fan-In    Fan-Out
 Pin     LC  LAB  Primitive    Code   Total Shared n/a INP  FBK  OUT  FBK  Name
  39     19    B     OUTPUT      t        3      0   1    4    3    0    0  cout
  25     31    B     OUTPUT      t        0      0   0    2    0    0    0  s0
  24     32    B     OUTPUT      t        0      0   0    1    1    0    0  s1
  17     12    A     OUTPUT      t        0      0   0    1    3    0    0  s2
  41     17    B     OUTPUT      t        0      0   0    1    2    0    0  s3
  40     18    B     OUTPUT      t        2      0   0    4    4    0    0  s4


Code:

s = Synthesized pin or logic cell
t = Turbo logic cell
+ = Synchronous flipflop
! = NOT gate push-back
r = Fitter-inserted logic cell


Device-Specific Information:        c:\maxplus2\trabajo\sumayresta5\resta5.rpt
resta5

** BURIED LOGIC **

                                         Shareable
                                         Expanders     Fan-In    Fan-Out
 Pin     LC  LAB  Primitive    Code   Total Shared n/a INP  FBK  OUT  FBK  Name
 (37)    21    B       SOFT    s t        1      0   1    4    0    1    0  |sumador5:U0|~269~1
 (36)    22    B       SOFT    s t        1      0   1    6    0    1    0  |sumador5:U0|~305~1
 (34)    23    B       SOFT    s t        1      0   1    6    0    1    0  |sumador5:U0|~305~2
 (33)    24    B       SOFT    s t        0      0   0    6    0    1    0  |sumador5:U0|~305~3
 (32)    25    B       SOFT    s t        4      0   1    7    2    3    2  |sumador5:U0|~324~1
 (27)    29    B       SOFT    s t        1      0   1    7    0    0    1  |sumador5:U0|~324~2
 (31)    26    B       SOFT    s t        1      0   1    7    0    0    1  |sumador5:U0|~324~3
 (29)    27    B       SOFT    s t        0      0   0    1    1    2    2  |sumador5:U0|~358~1
 (28)    28    B       SOFT    s t        1      0   1    3    3    1    0  |sumador5:U0|~377~1~2
 (26)    30    B       SOFT    s t        1      0   1    3    3    1    0  |sumador5:U0|~377~1~3
 (38)    20    B       SOFT    s t        0      0   0    2    0    2    3  ~120~1


Code:

s = Synthesized pin or logic cell
t = Turbo logic cell
+ = Synchronous flipflop
! = NOT gate push-back
r = Fitter-inserted logic cell


Device-Specific Information:        c:\maxplus2\trabajo\sumayresta5\resta5.rpt
resta5

** LOGIC CELL INTERCONNECTIONS **

Logic Array Block 'A':

           Logic cells placed in LAB 'A'
        +- LC12 s2
        | 
        |   Other LABs fed by signals
        |   that feed LAB 'A'
LC      | | A B |     Logic cells that feed LAB 'A':

Pin
4    -> * | * * | <-- y2
LC22 -> * | * - | <-- |sumador5:U0|~305~1
LC23 -> * | * - | <-- |sumador5:U0|~305~2
LC24 -> * | * - | <-- |sumador5:U0|~305~3


* = The logic cell or pin is an input to the logic cell (or LAB) through the PIA.
- = The logic cell or pin is not an input to the logic cell (or LAB).


Device-Specific Information:        c:\maxplus2\trabajo\sumayresta5\resta5.rpt
resta5

** LOGIC CELL INTERCONNECTIONS **

Logic Array Block 'B':

                                         Logic cells placed in LAB 'B'
        +------------------------------- LC19 cout
        | +----------------------------- LC21 |sumador5:U0|~269~1
        | | +--------------------------- LC22 |sumador5:U0|~305~1
        | | | +------------------------- LC23 |sumador5:U0|~305~2
        | | | | +----------------------- LC24 |sumador5:U0|~305~3
        | | | | | +--------------------- LC25 |sumador5:U0|~324~1
        | | | | | | +------------------- LC29 |sumador5:U0|~324~2
        | | | | | | | +----------------- LC26 |sumador5:U0|~324~3
        | | | | | | | | +--------------- LC27 |sumador5:U0|~358~1
        | | | | | | | | | +------------- LC28 |sumador5:U0|~377~1~2
        | | | | | | | | | | +----------- LC30 |sumador5:U0|~377~1~3
        | | | | | | | | | | | +--------- LC31 s0
        | | | | | | | | | | | | +------- LC32 s1
        | | | | | | | | | | | | | +----- LC17 s3
        | | | | | | | | | | | | | | +--- LC18 s4
        | | | | | | | | | | | | | | | +- LC20 ~120~1
        | | | | | | | | | | | | | | | | 
        | | | | | | | | | | | | | | | |   Other LABs fed by signals
        | | | | | | | | | | | | | | | |   that feed LAB 'B'
LC      | | | | | | | | | | | | | | | | | A B |     Logic cells that feed LAB 'B':
LC21 -> - - - - - - - - - - - - * - - - | - * | <-- |sumador5:U0|~269~1
LC25 -> * - - - - - - - - * * - - * * - | - * | <-- |sumador5:U0|~324~1
LC29 -> - - - - - * - - - - - - - - - - | - * | <-- |sumador5:U0|~324~2
LC26 -> - - - - - * - - - - - - - - - - | - * | <-- |sumador5:U0|~324~3
LC27 -> * - - - - - - - - * * - - - * - | - * | <-- |sumador5:U0|~358~1
LC28 -> - - - - - - - - - - - - - - * - | - * | <-- |sumador5:U0|~377~1~2
LC30 -> - - - - - - - - - - - - - - * - | - * | <-- |sumador5:U0|~377~1~3
LC20 -> * - - - - - - - * * * - - * - - | - * | <-- ~120~1

Pin
16   -> * * * * * * * * - * * - - - * * | - * | <-- w
6    -> - * * * * * * * - - - * - - - - | - * | <-- x0
7    -> - * * * * * * * - - - - - - - - | - * | <-- x1
8    -> - - * * * * * * - - - - - - - - | - * | <-- x2
5    -> - - - - - - - - - - - - - - - * | - * | <-- x3
9    -> * - - - - - - - - * * - - - * - | - * | <-- x4
11   -> - * * * * * * * - - - * - - - - | - * | <-- y0
12   -> - - * * * * * * - - - - * - - - | - * | <-- y1
4    -> - - - - - * * * - - - - - - - - | * * | <-- y2
13   -> * - - - - - - - * * * - - * * - | - * | <-- y3
14   -> * - - - - - - - - - - - - - * - | - * | <-- y4


* = The logic cell or pin is an input to the logic cell (or LAB) through the PIA.
- = The logic cell or pin is not an input to the logic cell (or LAB).


Device-Specific Information:        c:\maxplus2\trabajo\sumayresta5\resta5.rpt
resta5

** EQUATIONS **

w        : INPUT;
x0       : INPUT;
x1       : INPUT;
x2       : INPUT;
x3       : INPUT;
x4       : INPUT;
y0       : INPUT;
y1       : INPUT;
y2       : INPUT;
y3       : INPUT;
y4       : INPUT;

-- Node name is 'cout' 
-- Equation name is 'cout', location is LC019, type is output.
 cout    = LCELL( _EQ001 $  VCC);
  _EQ001 =  w &  _X001 &  _X002 &  x4
         # !w &  _X001 &  _X002 & !x4
         #  w &  x4 & !y4
         # !w & !x4 & !y4
         #  _X001 &  _X002 & !y4;
  _X001  = EXP( _LC020 &  y3);
  _X002  = EXP( _LC025 &  _LC027);

-- Node name is 's0' 
-- Equation name is 's0', location is LC031, type is output.
 s0      = LCELL( x0 $  y0);

-- Node name is 's1' 
-- Equation name is 's1', location is LC032, type is output.
 s1      = LCELL(!_LC021 $ !y1);

-- Node name is 's2' 
-- Equation name is 's2', location is LC012, type is output.
 s2      = LCELL( _EQ002 $ !y2);
  _EQ002 = !_LC022 & !_LC023 & !_LC024;

-- Node name is 's3' 
-- Equation name is 's3', location is LC017, type is output.
 s3      = LCELL( _EQ003 $  y3);
  _EQ003 = !_LC020 &  _LC025
         #  _LC020 & !_LC025;

-- Node name is 's4' 
-- Equation name is 's4', location is LC018, type is output.
 s4      = LCELL( _EQ004 $ !y4);
  _EQ004 = !_LC028 & !_LC030 &  _X003 &  _X004;
  _X003  = EXP(!_LC025 & !w &  x4 & !y3);
  _X004  = EXP(!_LC027 & !w &  x4 & !y3);

-- Node name is '|sumador5:U0|~269~1' 
-- Equation name is '_LC021', type is buried 
-- synthesized logic cell 
_LC021   = LCELL( _EQ005 $  GND);
  _EQ005 = !w &  x0 & !x1 &  y0
         #  w &  x0 & !x1 & !y0
         #  w &  x1 &  y0
         # !w &  x1 & !y0
         # !x0 &  x1;

-- Node name is '|sumador5:U0|~305~1' 
-- Equation name is '_LC022', type is buried 
-- synthesized logic cell 
_LC022   = LCELL( _EQ006 $  GND);
  _EQ006 =  x0 &  x1 & !x2 &  y0 & !y1
         #  x0 &  x1 & !x2 & !y0 &  y1
         # !w &  x0 & !x2 &  y0 &  y1
         #  w &  x0 & !x2 & !y0 & !y1
         #  w &  x2 &  y0 &  y1;

-- Node name is '|sumador5:U0|~305~2' 
-- Equation name is '_LC023', type is buried 
-- synthesized logic cell 
_LC023   = LCELL( _EQ007 $  GND);
  _EQ007 =  w & !x0 &  x2 &  y1
         # !x1 &  x2 & !y0 &  y1
         # !x1 &  x2 &  y0 & !y1
         # !w &  x1 & !x2 &  y1
         #  w &  x1 & !x2 & !y1;

-- Node name is '|sumador5:U0|~305~3' 
-- Equation name is '_LC024', type is buried 
-- synthesized logic cell 
_LC024   = LCELL( _EQ008 $  GND);
  _EQ008 = !w &  x2 & !y0 & !y1
         # !w & !x0 &  x2 & !y1
         # !x0 & !x1 &  x2;

-- Node name is '|sumador5:U0|~324~1' 
-- Equation name is '_LC025', type is buried 
-- synthesized logic cell 
_LC025   = LCELL( _EQ009 $  _EQ010);
  _EQ009 = !_LC026 & !_LC029 &  w &  x0 &  x1 &  x2 &  _X005 &  _X006 & 
              _X007 & !y0
         # !_LC026 & !_LC029 &  w &  x0 &  x1 &  _X005 &  _X006 &  _X007 & 
             !y0 & !y2
         # !_LC026 & !_LC029 &  w &  x0 &  x2 &  _X005 &  _X006 &  _X007 & 
             !y0 & !y1
         # !_LC026 & !_LC029 &  w &  x1 &  x2 &  _X005 &  _X006 &  _X007 & 
             !y1;
  _X005  = EXP(!w & !x2 & !y0 & !y1);
  _X006  = EXP( w &  x2 & !y2);
  _X007  = EXP(!w & !x2 & !y2);
  _EQ010 = !_LC026 & !_LC029 &  _X005 &  _X006 &  _X007;
  _X005  = EXP(!w & !x2 & !y0 & !y1);
  _X006  = EXP( w &  x2 & !y2);
  _X007  = EXP(!w & !x2 & !y2);

-- Node name is '|sumador5:U0|~324~2' 
-- Equation name is '_LC029', type is buried 
-- synthesized logic cell 
_LC029   = LCELL( _EQ011 $  GND);
  _EQ011 =  w &  x1 & !y1 & !y2
         # !x0 & !x1 &  x2 & !y2
         # !x1 &  x2 & !y0 & !y2
         # !x1 &  x2 & !y1 & !y2
         # !x0 &  x2 & !y1 & !y2;

-- Node name is '|sumador5:U0|~324~3' 
-- Equation name is '_LC026', type is buried 
-- synthesized logic cell 
_LC026   = LCELL( _EQ012 $  GND);
  _EQ012 =  x0 & !y0 & !y1 & !y2
         # !w & !x1 & !x2 & !y1
         # !w & !x0 & !x1 & !x2
         # !w & !x1 & !x2 & !y0
         # !w & !x0 & !x2 & !y1;

-- Node name is '|sumador5:U0|~358~1' 
-- Equation name is '_LC027', type is buried 
-- synthesized logic cell 
_LC027   = LCELL( y3 $  _LC020);

-- Node name is '|sumador5:U0|~377~1~2' 
-- Equation name is '_LC028', type is buried 
-- synthesized logic cell 
_LC028   = LCELL( _EQ013 $  GND);
  _EQ013 =  _LC025 &  _LC027 &  w &  x4
         #  _LC020 &  w &  x4 &  y3
         #  _LC025 &  _LC027 & !w & !x4
         #  _LC020 & !w & !x4 &  y3
         # !_LC020 & !_LC025 &  w & !x4;

-- Node name is '|sumador5:U0|~377~1~3' 
-- Equation name is '_LC030', type is buried 
-- synthesized logic cell 
_LC030   = LCELL( _EQ014 $  GND);
  _EQ014 = !_LC020 & !_LC027 &  w & !x4
         # !_LC025 &  w & !x4 & !y3
         # !_LC027 &  w & !x4 & !y3
         # !_LC020 & !_LC025 & !w &  x4
         # !_LC020 & !_LC027 & !w &  x4;

-- Node name is '~120~1' 
-- Equation name is '~120~1', location is LC020, type is buried.
-- synthesized logic cell 
_LC020   = LCELL( x3 $  w);



--     Shareable expanders that are duplicated in multiple LABs:
--     (none)




Project Information                 c:\maxplus2\trabajo\sumayresta5\resta5.rpt

** COMPILATION SETTINGS & TIMES **

Processing Menu Commands
------------------------

Design Doctor                             = off

Logic Synthesis:

   Synthesis Type Used                    = Standard

   Default Synthesis Style                = NORMAL

      Logic option settings in 'NORMAL' style for 'MAX7000' family

      DECOMPOSE_GATES                     = on
      DUPLICATE_LOGIC_EXTRACTION          = on
      MINIMIZATION                        = full
      MULTI_LEVEL_FACTORING               = on
      NOT_GATE_PUSH_BACK                  = on
      PARALLEL_EXPANDERS                  = off
      REDUCE_LOGIC                        = on
      REFACTORIZATION                     = on
      REGISTER_OPTIMIZATION               = on
      RESYNTHESIZE_NETWORK                = on
      SLOW_SLEW_RATE                      = off
      SOFT_BUFFER_INSERTION               = on
      SUBFACTOR_EXTRACTION                = on
      TURBO_BIT                           = on
      XOR_SYNTHESIS                       = on
      IGNORE_SOFT_BUFFERS                 = off
      USE_LPM_FOR_AHDL_OPERATORS          = off

   Other logic synthesis settings:

      Automatic Global Clock              = on
      Automatic Global Clear              = on
      Automatic Global Preset             = on
      Automatic Global Output Enable      = on
      Automatic Fast I/O                  = off
      Automatic Register Packing          = off
      Automatic Open-Drain Pins           = on
      Automatic Implement in EAB          = off
      One-Hot State Machine Encoding      = off
      Optimize                            = 5

Default Timing Specifications: None

Cut All Bidir Feedback Timing Paths       = on
Cut All Clear & Preset Timing Paths       = on

Ignore Timing Assignments                 = off

Functional SNF Extractor                  = off

Linked SNF Extractor                      = off
Timing SNF Extractor                      = on
Optimize Timing SNF                       = off
Generate AHDL TDO File                    = off
Fitter Settings                           = NORMAL
Smart Recompile                           = off
Total Recompile                           = off

Interfaces Menu Commands
------------------------

EDIF Netlist Writer                       = off
Verilog Netlist Writer                    = off
VHDL Netlist Writer                       = off

Compilation Times
-----------------

   Compiler Netlist Extractor             00:00:00
   Database Builder                       00:00:00
   Logic Synthesizer                      00:00:00
   Partitioner                            00:00:00
   Fitter                                 00:00:00
   Timing SNF Extractor                   00:00:00
   Assembler                              00:00:00
   --------------------------             --------
   Total Time                             00:00:00


Memory Allocated
-----------------

Peak memory allocated during compilation  = 3,453K
