Project Information               c:\maxplus2\trabajo\sumayresta5\sumador5.rpt

MAX+plus II Compiler Report File
Version 10.2 07/10/2002
Compiled: 04/17/2024 19:55:47

Copyright (C) 1988-2002 Altera Corporation
Any megafunction design, and related net list (encrypted or decrypted),
support information, device programming or simulation file, and any other
associated documentation or information provided by Altera or a partner
under Altera's Megafunction Partnership Program may be used only to
program PLD devices (but not masked PLD devices) from Altera.  Any other
use of such megafunction design, net list, support information, device
programming or simulation file, or any other related documentation or
information is prohibited for any other purpose, including, but not
limited to modification, reverse engineering, de-compiling, or use with
any other silicon devices, unless such use is explicitly licensed under
a separate agreement with Altera or a megafunction partner.  Title to
the intellectual property, including patents, copyrights, trademarks,
trade secrets, or maskworks, embodied in any such megafunction design,
net list, support information, device programming or simulation file, or
any other related documentation or information provided by Altera or a
megafunction partner, remains with Altera, the megafunction partner, or
their respective licensors.  No other licenses, including any licenses
needed under any third party's intellectual property, are provided herein.



***** Project compilation was successful


SUMADOR5


** DEVICE SUMMARY **

Chip/                     Input   Output   Bidir         Shareable
POF       Device          Pins    Pins     Pins     LCs  Expanders  % Utilized

sumador5  EPM7064LC44-7    11       6        0      39      4           60 %

User Pins:                 11       6        0  



Device-Specific Information:      c:\maxplus2\trabajo\sumayresta5\sumador5.rpt
sumador5

***** Logic for device 'sumador5' compiled without errors.




Device: EPM7064LC44-7

Device Options:
    Turbo Bit                                    = ON
    Security Bit                                 = OFF

                                            R  
                                            E  
                                            S  
                                            E  
                                         c  R  
                       V  G  G  G  G  G  o  V  
              x  x  x  C  N  N  N  N  N  u  E  
              2  1  0  C  D  D  D  D  D  t  D  
            -----------------------------------_ 
          /   6  5  4  3  2  1 44 43 42 41 40   | 
      x3 |  7                                39 | RESERVED 
      y0 |  8                                38 | RESERVED 
RESERVED |  9                                37 | RESERVED 
     GND | 10                                36 | RESERVED 
      y2 | 11                                35 | VCC 
     cin | 12         EPM7064LC44-7          34 | RESERVED 
RESERVED | 13                                33 | s3 
      y1 | 14                                32 | RESERVED 
     VCC | 15                                31 | RESERVED 
      s2 | 16                                30 | GND 
      s1 | 17                                29 | s4 
         |_  18 19 20 21 22 23 24 25 26 27 28  _| 
           ------------------------------------ 
              s  y  x  y  G  V  R  R  R  R  R  
              0  4  4  3  N  C  E  E  E  E  E  
                          D  C  S  S  S  S  S  
                                E  E  E  E  E  
                                R  R  R  R  R  
                                V  V  V  V  V  
                                E  E  E  E  E  
                                D  D  D  D  D  


N.C. = No Connect. This pin has no internal connection to the device.
VCC = Dedicated power pin, which MUST be connected to VCC.
GND = Dedicated ground pin or unused dedicated input, which MUST be connected to GND.
RESERVED = Unused I/O pin, which MUST be left unconnected.



Device-Specific Information:      c:\maxplus2\trabajo\sumayresta5\sumador5.rpt
sumador5

** RESOURCE USAGE **

                                                Shareable     External
Logic Array Block     Logic Cells   I/O Pins    Expanders   Interconnect

A:     LC1 - LC16     0/16(  0%)   7/ 8( 87%)   0/16(  0%)   0/36(  0%) 
B:    LC17 - LC32     7/16( 43%)   7/ 8( 87%)   6/16( 37%)  11/36( 30%) 
C:    LC33 - LC48    16/16(100%)   1/ 8( 12%)  16/16(100%)  23/36( 63%) 
D:    LC49 - LC64    16/16(100%)   2/ 8( 25%)  15/16( 93%)  28/36( 77%) 


Total dedicated input pins used:                 0/4      (  0%)
Total I/O pins used:                            17/32     ( 53%)
Total logic cells used:                         39/64     ( 60%)
Total shareable expanders used:                  4/64     (  6%)
Total Turbo logic cells used:                   39/64     ( 60%)
Total shareable expanders not available (n/a):  33/64     ( 51%)
Average fan-in:                                  8.25
Total fan-in:                                   322

Total input pins required:                      11
Total output pins required:                      6
Total bidirectional pins required:               0
Total logic cells required:                     39
Total flipflops required:                        0
Total product terms required:                  186
Total logic cells lending parallel expanders:    0
Total shareable expanders in database:           4

Synthesized logic cells:                        33/  64   ( 51%)



Device-Specific Information:      c:\maxplus2\trabajo\sumayresta5\sumador5.rpt
sumador5

** INPUTS **

                                         Shareable
                                         Expanders     Fan-In    Fan-Out
 Pin     LC  LAB  Primitive    Code   Total Shared n/a INP  FBK  OUT  FBK  Name
  12    (1)  (A)      INPUT               0      0   0    0    0    3   27  cin
   4   (16)  (A)      INPUT               0      0   0    0    0    3   27  x0
   5   (14)  (A)      INPUT               0      0   0    0    0    2   31  x1
   6   (11)  (A)      INPUT               0      0   0    0    0    1   30  x2
   7    (8)  (A)      INPUT               0      0   0    0    0    2   25  x3
  20   (19)  (B)      INPUT               0      0   0    0    0    2   20  x4
   8    (5)  (A)      INPUT               0      0   0    0    0    3   27  y0
  14   (30)  (B)      INPUT               0      0   0    0    0    2   30  y1
  11    (3)  (A)      INPUT               0      0   0    0    0    1   25  y2
  21   (17)  (B)      INPUT               0      0   0    0    0    2   17  y3
  19   (20)  (B)      INPUT               0      0   0    0    0    1    8  y4


Code:

s = Synthesized pin or logic cell
t = Turbo logic cell
+ = Synchronous flipflop
! = NOT gate push-back
r = Fitter-inserted logic cell


Device-Specific Information:      c:\maxplus2\trabajo\sumayresta5\sumador5.rpt
sumador5

** OUTPUTS **

                                         Shareable
                                         Expanders     Fan-In    Fan-Out
 Pin     LC  LAB  Primitive    Code   Total Shared n/a INP  FBK  OUT  FBK  Name
  41     64    D     OUTPUT      t        1      0   1    8   12    0    0  cout
  18     21    B     OUTPUT      t        0      0   0    3    0    0    0  s0
  17     24    B     OUTPUT      t        3      0   1    5    0    0    0  s1
  16     25    B     OUTPUT      t        0      0   0    1    3    0    0  s2
  33     49    D     OUTPUT      t        0      0   0    1    6    0    0  s3
  29     41    C     OUTPUT      t        2      0   0    4   12    0    0  s4


Code:

s = Synthesized pin or logic cell
t = Turbo logic cell
+ = Synchronous flipflop
! = NOT gate push-back
r = Fitter-inserted logic cell


Device-Specific Information:      c:\maxplus2\trabajo\sumayresta5\sumador5.rpt
sumador5

** BURIED LOGIC **

                                         Shareable
                                         Expanders     Fan-In    Fan-Out
 Pin     LC  LAB  Primitive    Code   Total Shared n/a INP  FBK  OUT  FBK  Name
 (31)    46    C       SOFT    s t        1      0   1    6    0    1    0  ~305~1
 (19)    20    B       SOFT    s t        1      0   1    6    0    1    0  ~305~2
   -     27    B       SOFT    s t        0      0   0    6    0    1    0  ~305~3
   -     31    B       SOFT    s t        1      0   1    7    0    1    0  ~341~1
   -     63    D       SOFT    s t        1      0   1    8    0    1    0  ~341~2
   -     47    C       SOFT    s t        1      0   1    7    0    1    0  ~341~3
   -     61    D       SOFT    s t        1      0   1    8    0    1    0  ~341~4
   -     60    D       SOFT    s t        1      0   1    8    0    1    0  ~341~5
 (14)    30    B       SOFT    s t        1      0   1    5    0    1    0  ~341~6
   -     58    D       SOFT    s t        1      0   1    8    0    1    0  ~377~1
 (38)    56    D       SOFT    s t        1      0   1    9    0    1    0  ~377~2
 (37)    53    D       SOFT    s t        1      0   1    8    0    1    0  ~377~3
   -     34    C       SOFT    s t        1      0   1    8    0    1    0  ~377~4
 (36)    52    D       SOFT    s t        1      0   1    9    0    1    0  ~377~5
 (34)    51    D       SOFT    s t        1      0   1    8    0    1    0  ~377~6
 (40)    62    D       SOFT    s t        1      0   1    8    0    1    0  ~377~7
   -     55    D       SOFT    s t        1      0   1   10    0    1    0  ~377~8
 (39)    57    D       SOFT    s t        1      0   1    9    0    1    0  ~377~9
   -     59    D       SOFT    s t        1      0   1   10    0    1    0  ~377~10
 (26)    36    C       SOFT    s t        1      0   1    7    0    1    0  ~377~11
 (24)    33    C       SOFT    s t        1      0   1    7    0    1    0  ~377~12
   -     54    D       SOFT    s t        1      0   1    9    0    1    0  ~396~1
   -     50    D       SOFT    s t        1      0   1   10    0    1    0  ~396~2
 (25)    35    C       SOFT    s t        1      0   1    9    0    1    0  ~396~3
   -     45    C       SOFT    s t        1      0   1    8    0    1    0  ~396~4
   -     44    C       SOFT    s t        1      0   1    8    0    1    0  ~396~5
   -     43    C       SOFT    s t        1      0   1    9    0    1    0  ~396~6
   -     42    C       SOFT    s t        1      0   1   10    0    1    0  ~396~7
 (28)    40    C       SOFT    s t        1      0   1    9    0    1    0  ~396~8
   -     39    C       SOFT    s t        1      0   1   11    0    1    0  ~396~9
   -     38    C       SOFT    s t        1      0   1    8    0    1    0  ~396~10
 (27)    37    C       SOFT    s t        1      0   1    8    0    1    0  ~396~11
 (32)    48    C       SOFT    s t        0      0   0    6    0    1    0  ~396~12


Code:

s = Synthesized pin or logic cell
t = Turbo logic cell
+ = Synchronous flipflop
! = NOT gate push-back
r = Fitter-inserted logic cell


Device-Specific Information:      c:\maxplus2\trabajo\sumayresta5\sumador5.rpt
sumador5

** LOGIC CELL INTERCONNECTIONS **

Logic Array Block 'B':

                       Logic cells placed in LAB 'B'
        +------------- LC21 s0
        | +----------- LC24 s1
        | | +--------- LC25 s2
        | | | +------- LC20 ~305~2
        | | | | +----- LC27 ~305~3
        | | | | | +--- LC31 ~341~1
        | | | | | | +- LC30 ~341~6
        | | | | | | | 
        | | | | | | |   Other LABs fed by signals
        | | | | | | |   that feed LAB 'B'
LC      | | | | | | | | A B C D |     Logic cells that feed LAB 'B':
LC20 -> - - * - - - - | - * - - | <-- ~305~2
LC27 -> - - * - - - - | - * - - | <-- ~305~3

Pin
12   -> * * - * * * - | - * * * | <-- cin
4    -> * * - * * * - | - * * * | <-- x0
5    -> - * - * * * * | - * * * | <-- x1
6    -> - - - * * * * | - * * * | <-- x2
7    -> - - - - - * * | - * * * | <-- x3
8    -> * * - * * * - | - * * * | <-- y0
14   -> - * - * * * * | - * * * | <-- y1
11   -> - - * - - - * | - * * * | <-- y2
LC46 -> - - * - - - - | - * - - | <-- ~305~1


* = The logic cell or pin is an input to the logic cell (or LAB) through the PIA.
- = The logic cell or pin is not an input to the logic cell (or LAB).


Device-Specific Information:      c:\maxplus2\trabajo\sumayresta5\sumador5.rpt
sumador5

** LOGIC CELL INTERCONNECTIONS **

Logic Array Block 'C':

                                         Logic cells placed in LAB 'C'
        +------------------------------- LC41 s4
        | +----------------------------- LC46 ~305~1
        | | +--------------------------- LC47 ~341~3
        | | | +------------------------- LC34 ~377~4
        | | | | +----------------------- LC36 ~377~11
        | | | | | +--------------------- LC33 ~377~12
        | | | | | | +------------------- LC35 ~396~3
        | | | | | | | +----------------- LC45 ~396~4
        | | | | | | | | +--------------- LC44 ~396~5
        | | | | | | | | | +------------- LC43 ~396~6
        | | | | | | | | | | +----------- LC42 ~396~7
        | | | | | | | | | | | +--------- LC40 ~396~8
        | | | | | | | | | | | | +------- LC39 ~396~9
        | | | | | | | | | | | | | +----- LC38 ~396~10
        | | | | | | | | | | | | | | +--- LC37 ~396~11
        | | | | | | | | | | | | | | | +- LC48 ~396~12
        | | | | | | | | | | | | | | | | 
        | | | | | | | | | | | | | | | |   Other LABs fed by signals
        | | | | | | | | | | | | | | | |   that feed LAB 'C'
LC      | | | | | | | | | | | | | | | | | A B C D |     Logic cells that feed LAB 'C':
LC34 -> * - - - - - - - - - - - - - - - | - - * - | <-- ~377~4
LC36 -> * - - - - - - - - - - - - - - - | - - * - | <-- ~377~11
LC33 -> * - - - - - - - - - - - - - - - | - - * - | <-- ~377~12

Pin
12   -> - * * * - - * * * * * * * - - - | - * * * | <-- cin
4    -> - * * * - - * * * * * * * - - - | - * * * | <-- x0
5    -> - * * - * * * * * * * * * * * - | - * * * | <-- x1
6    -> - * * * * * * - * * * * * * * * | - * * * | <-- x2
7    -> * - * - * * - - * * * - * * * * | - * * * | <-- x3
20   -> * - - * * * * * - - - - * * * * | - - * * | <-- x4
8    -> - * * * - - * * * * * * * - - - | - * * * | <-- y0
14   -> - * - * * * * * * * * * * * * - | - * * * | <-- y1
11   -> - - * * * * * * - * * * * * * * | - * * * | <-- y2
21   -> * - - * * * * * - - * * * * * * | - - * * | <-- y3
19   -> * - - - - - - - * * * * * * * * | - - * - | <-- y4
LC58 -> * - - - - - - - - - - - - - - - | - - * - | <-- ~377~1
LC56 -> * - - - - - - - - - - - - - - - | - - * - | <-- ~377~2
LC53 -> * - - - - - - - - - - - - - - - | - - * - | <-- ~377~3
LC52 -> * - - - - - - - - - - - - - - - | - - * - | <-- ~377~5
LC51 -> * - - - - - - - - - - - - - - - | - - * - | <-- ~377~6
LC62 -> * - - - - - - - - - - - - - - - | - - * - | <-- ~377~7
LC55 -> * - - - - - - - - - - - - - - - | - - * - | <-- ~377~8
LC57 -> * - - - - - - - - - - - - - - - | - - * - | <-- ~377~9
LC59 -> * - - - - - - - - - - - - - - - | - - * - | <-- ~377~10


* = The logic cell or pin is an input to the logic cell (or LAB) through the PIA.
- = The logic cell or pin is not an input to the logic cell (or LAB).


Device-Specific Information:      c:\maxplus2\trabajo\sumayresta5\sumador5.rpt
sumador5

** LOGIC CELL INTERCONNECTIONS **

Logic Array Block 'D':

                                         Logic cells placed in LAB 'D'
        +------------------------------- LC64 cout
        | +----------------------------- LC49 s3
        | | +--------------------------- LC63 ~341~2
        | | | +------------------------- LC61 ~341~4
        | | | | +----------------------- LC60 ~341~5
        | | | | | +--------------------- LC58 ~377~1
        | | | | | | +------------------- LC56 ~377~2
        | | | | | | | +----------------- LC53 ~377~3
        | | | | | | | | +--------------- LC52 ~377~5
        | | | | | | | | | +------------- LC51 ~377~6
        | | | | | | | | | | +----------- LC62 ~377~7
        | | | | | | | | | | | +--------- LC55 ~377~8
        | | | | | | | | | | | | +------- LC57 ~377~9
        | | | | | | | | | | | | | +----- LC59 ~377~10
        | | | | | | | | | | | | | | +--- LC54 ~396~1
        | | | | | | | | | | | | | | | +- LC50 ~396~2
        | | | | | | | | | | | | | | | | 
        | | | | | | | | | | | | | | | |   Other LABs fed by signals
        | | | | | | | | | | | | | | | |   that feed LAB 'D'
LC      | | | | | | | | | | | | | | | | | A B C D |     Logic cells that feed LAB 'D':
LC63 -> - * - - - - - - - - - - - - - - | - - - * | <-- ~341~2
LC61 -> - * - - - - - - - - - - - - - - | - - - * | <-- ~341~4
LC60 -> - * - - - - - - - - - - - - - - | - - - * | <-- ~341~5
LC54 -> * - - - - - - - - - - - - - - - | - - - * | <-- ~396~1
LC50 -> * - - - - - - - - - - - - - - - | - - - * | <-- ~396~2

Pin
12   -> * - * * * * * * * * * * * * * * | - * * * | <-- cin
4    -> * - * * * * * * * * * * * * * * | - * * * | <-- x0
5    -> * - * * * * * * * * * * * * * * | - * * * | <-- x1
6    -> * - * * * * * - * * - * * * * * | - * * * | <-- x2
7    -> * - * * * * * * * * * * - * * * | - * * * | <-- x3
20   -> * - - - - * * * * * * * * * * * | - - * * | <-- x4
8    -> * - * * * * * * * * * * * * * * | - * * * | <-- y0
14   -> * - * * * * * - * * * * * * * * | - * * * | <-- y1
11   -> - - * * * - * * - - * * * * * * | - * * * | <-- y2
21   -> - * - - - - - * * - - * * * - * | - - * * | <-- y3
LC31 -> - * - - - - - - - - - - - - - - | - - - * | <-- ~341~1
LC47 -> - * - - - - - - - - - - - - - - | - - - * | <-- ~341~3
LC30 -> - * - - - - - - - - - - - - - - | - - - * | <-- ~341~6
LC35 -> * - - - - - - - - - - - - - - - | - - - * | <-- ~396~3
LC45 -> * - - - - - - - - - - - - - - - | - - - * | <-- ~396~4
LC44 -> * - - - - - - - - - - - - - - - | - - - * | <-- ~396~5
LC43 -> * - - - - - - - - - - - - - - - | - - - * | <-- ~396~6
LC42 -> * - - - - - - - - - - - - - - - | - - - * | <-- ~396~7
LC40 -> * - - - - - - - - - - - - - - - | - - - * | <-- ~396~8
LC39 -> * - - - - - - - - - - - - - - - | - - - * | <-- ~396~9
LC38 -> * - - - - - - - - - - - - - - - | - - - * | <-- ~396~10
LC37 -> * - - - - - - - - - - - - - - - | - - - * | <-- ~396~11
LC48 -> * - - - - - - - - - - - - - - - | - - - * | <-- ~396~12


* = The logic cell or pin is an input to the logic cell (or LAB) through the PIA.
- = The logic cell or pin is not an input to the logic cell (or LAB).


Device-Specific Information:      c:\maxplus2\trabajo\sumayresta5\sumador5.rpt
sumador5

** EQUATIONS **

cin      : INPUT;
x0       : INPUT;
x1       : INPUT;
x2       : INPUT;
x3       : INPUT;
x4       : INPUT;
y0       : INPUT;
y1       : INPUT;
y2       : INPUT;
y3       : INPUT;
y4       : INPUT;

-- Node name is 'cout' 
-- Equation name is 'cout', location is LC064, type is output.
 cout    = LCELL( _EQ001 $  _EQ002);
  _EQ001 = !_LC035 & !_LC037 & !_LC038 & !_LC039 & !_LC040 & !_LC042 & 
             !_LC043 & !_LC044 & !_LC045 & !_LC048 & !_LC050 & !_LC054 & !x0 & 
             !x1 & !x2 & !x3 & !x4 & !y0
         # !cin & !_LC035 & !_LC037 & !_LC038 & !_LC039 & !_LC040 & !_LC042 & 
             !_LC043 & !_LC044 & !_LC045 & !_LC048 & !_LC050 & !_LC054 & !x0 & 
             !x1 & !x2 & !x3 & !x4
         # !cin & !_LC035 & !_LC037 & !_LC038 & !_LC039 & !_LC040 & !_LC042 & 
             !_LC043 & !_LC044 & !_LC045 & !_LC048 & !_LC050 & !_LC054 & !x1 & 
             !x2 & !x3 & !x4 & !y0
         # !_LC035 & !_LC037 & !_LC038 & !_LC039 & !_LC040 & !_LC042 & 
             !_LC043 & !_LC044 & !_LC045 & !_LC048 & !_LC050 & !_LC054 & !x0 & 
             !x2 & !x3 & !x4 & !y0 & !y1;
  _EQ002 = !_LC035 & !_LC037 & !_LC038 & !_LC039 & !_LC040 & !_LC042 & 
             !_LC043 & !_LC044 & !_LC045 & !_LC048 & !_LC050 & !_LC054;

-- Node name is 's0' 
-- Equation name is 's0', location is LC021, type is output.
 s0      = LCELL( _EQ003 $  y0);
  _EQ003 =  cin & !x0
         # !cin &  x0;

-- Node name is 's1' 
-- Equation name is 's1', location is LC024, type is output.
 s1      = LCELL( _EQ004 $  y1);
  _EQ004 =  x0 & !x1 &  y0
         #  cin & !x1 &  _X001
         # !x0 &  x1 &  _X002
         # !cin &  x1 & !y0;
  _X001  = EXP(!x0 & !y0);
  _X002  = EXP( cin &  y0);

-- Node name is 's2' 
-- Equation name is 's2', location is LC025, type is output.
 s2      = LCELL( _EQ005 $ !y2);
  _EQ005 = !_LC020 & !_LC027 & !_LC046;

-- Node name is 's3' 
-- Equation name is 's3', location is LC049, type is output.
 s3      = LCELL( _EQ006 $ !y3);
  _EQ006 = !_LC030 & !_LC031 & !_LC047 & !_LC060 & !_LC061 & !_LC063;

-- Node name is 's4' 
-- Equation name is 's4', location is LC041, type is output.
 s4      = LCELL( _EQ007 $ !y4);
  _EQ007 = !_LC033 & !_LC034 & !_LC036 & !_LC051 & !_LC052 & !_LC053 & 
             !_LC055 & !_LC056 & !_LC057 & !_LC058 & !_LC059 & !_LC062 & 
              _X003 &  _X004;
  _X003  = EXP(!x3 &  x4 & !y3);
  _X004  = EXP( x3 & !x4 &  y3);

-- Node name is '~305~1' 
-- Equation name is '~305~1', location is LC046, type is buried.
-- synthesized logic cell 
_LC046   = LCELL( _EQ008 $  GND);
  _EQ008 =  cin &  x0 &  x1 & !x2
         #  cin &  x1 & !x2 &  y0
         #  x0 &  x1 & !x2 &  y0
         #  x0 & !x2 &  y0 &  y1
         #  cin & !x2 &  y0 &  y1;

-- Node name is '~305~2' 
-- Equation name is '~305~2', location is LC020, type is buried.
-- synthesized logic cell 
_LC020   = LCELL( _EQ009 $  GND);
  _EQ009 =  cin &  x0 & !x2 &  y1
         # !x0 & !x1 &  x2 & !y0
         # !cin & !x0 & !x1 &  x2
         # !cin & !x1 &  x2 & !y0
         # !x0 &  x2 & !y0 & !y1;

-- Node name is '~305~3' 
-- Equation name is '~305~3', location is LC027, type is buried.
-- synthesized logic cell 
_LC027   = LCELL( _EQ010 $  GND);
  _EQ010 = !cin & !x0 &  x2 & !y1
         # !cin &  x2 & !y0 & !y1
         #  x1 & !x2 &  y1
         # !x1 &  x2 & !y1;

-- Node name is '~341~1' 
-- Equation name is '~341~1', location is LC031, type is buried.
-- synthesized logic cell 
_LC031   = LCELL( _EQ011 $  GND);
  _EQ011 =  cin &  x0 &  x1 &  x2 & !x3
         #  cin &  x1 &  x2 & !x3 &  y0
         #  x0 &  x1 &  x2 & !x3 &  y0
         #  x0 &  x2 & !x3 &  y0 &  y1
         #  cin &  x2 & !x3 &  y0 &  y1;

-- Node name is '~341~2' 
-- Equation name is '~341~2', location is LC063, type is buried.
-- synthesized logic cell 
_LC063   = LCELL( _EQ012 $  GND);
  _EQ012 =  cin &  x0 &  x2 & !x3 &  y1
         #  cin &  x0 & !x3 &  y1 &  y2
         #  cin & !x3 &  y0 &  y1 &  y2
         #  x0 & !x3 &  y0 &  y1 &  y2
         #  x0 &  x1 & !x3 &  y0 &  y2;

-- Node name is '~341~3' 
-- Equation name is '~341~3', location is LC047, type is buried.
-- synthesized logic cell 
_LC047   = LCELL( _EQ013 $  GND);
  _EQ013 =  cin &  x1 & !x3 &  y0 &  y2
         #  cin &  x0 &  x1 & !x3 &  y2
         # !x0 & !x1 & !x2 &  x3 & !y0
         # !cin & !x0 & !x1 & !x2 &  x3
         # !cin & !x1 & !x2 &  x3 & !y0;

-- Node name is '~341~4' 
-- Equation name is '~341~4', location is LC061, type is buried.
-- synthesized logic cell 
_LC061   = LCELL( _EQ014 $  GND);
  _EQ014 = !x0 & !x2 &  x3 & !y0 & !y1
         # !cin & !x0 & !x2 &  x3 & !y1
         # !cin & !x2 &  x3 & !y0 & !y1
         # !x0 & !x1 &  x3 & !y0 & !y2
         # !cin & !x0 & !x1 &  x3 & !y2;

-- Node name is '~341~5' 
-- Equation name is '~341~5', location is LC060, type is buried.
-- synthesized logic cell 
_LC060   = LCELL( _EQ015 $  GND);
  _EQ015 = !cin & !x1 &  x3 & !y0 & !y2
         # !x0 &  x3 & !y0 & !y1 & !y2
         # !cin & !x0 &  x3 & !y1 & !y2
         # !cin &  x3 & !y0 & !y1 & !y2
         #  x1 &  x2 & !x3 &  y1;

-- Node name is '~341~6' 
-- Equation name is '~341~6', location is LC030, type is buried.
-- synthesized logic cell 
_LC030   = LCELL( _EQ016 $  GND);
  _EQ016 =  x1 & !x3 &  y1 &  y2
         # !x1 & !x2 &  x3 & !y1
         # !x1 &  x3 & !y1 & !y2
         #  x2 & !x3 &  y2
         # !x2 &  x3 & !y2;

-- Node name is '~377~1' 
-- Equation name is '~377~1', location is LC058, type is buried.
-- synthesized logic cell 
_LC058   = LCELL( _EQ017 $  GND);
  _EQ017 =  cin &  x0 &  x1 &  x2 &  x3 & !x4
         #  cin &  x1 &  x2 &  x3 & !x4 &  y0
         #  x0 &  x1 &  x2 &  x3 & !x4 &  y0
         #  x0 &  x2 &  x3 & !x4 &  y0 &  y1
         #  cin &  x2 &  x3 & !x4 &  y0 &  y1;

-- Node name is '~377~2' 
-- Equation name is '~377~2', location is LC056, type is buried.
-- synthesized logic cell 
_LC056   = LCELL( _EQ018 $  GND);
  _EQ018 =  cin &  x0 &  x2 &  x3 & !x4 &  y1
         #  cin &  x0 &  x3 & !x4 &  y1 &  y2
         #  cin &  x3 & !x4 &  y0 &  y1 &  y2
         #  x0 &  x3 & !x4 &  y0 &  y1 &  y2
         #  x0 &  x1 &  x3 & !x4 &  y0 &  y2;

-- Node name is '~377~3' 
-- Equation name is '~377~3', location is LC053, type is buried.
-- synthesized logic cell 
_LC053   = LCELL( _EQ019 $  GND);
  _EQ019 =  cin &  x1 &  x3 & !x4 &  y0 &  y2
         #  cin &  x0 &  x1 &  x3 & !x4 &  y2
         #  cin &  x0 &  x1 & !x4 &  y2 &  y3
         #  cin &  x1 & !x4 &  y0 &  y2 &  y3
         #  x0 &  x1 & !x4 &  y0 &  y2 &  y3;

-- Node name is '~377~4' 
-- Equation name is '~377~4', location is LC034, type is buried.
-- synthesized logic cell 
_LC034   = LCELL( _EQ020 $  GND);
  _EQ020 =  x0 & !x4 &  y0 &  y1 &  y2 &  y3
         #  cin & !x4 &  y0 &  y1 &  y2 &  y3
         #  cin &  x0 & !x4 &  y1 &  y2 &  y3
         #  cin &  x0 &  x2 & !x4 &  y1 &  y3
         #  cin &  x2 & !x4 &  y0 &  y1 &  y3;

-- Node name is '~377~5' 
-- Equation name is '~377~5', location is LC052, type is buried.
-- synthesized logic cell 
_LC052   = LCELL( _EQ021 $  GND);
  _EQ021 =  x0 &  x2 & !x4 &  y0 &  y1 &  y3
         #  x0 &  x1 &  x2 & !x4 &  y0 &  y3
         #  cin &  x1 &  x2 & !x4 &  y0 &  y3
         #  cin &  x0 &  x1 &  x2 & !x4 &  y3
         # !x0 & !x1 & !x2 & !x3 &  x4 & !y0;

-- Node name is '~377~6' 
-- Equation name is '~377~6', location is LC051, type is buried.
-- synthesized logic cell 
_LC051   = LCELL( _EQ022 $  GND);
  _EQ022 = !cin & !x0 & !x1 & !x2 & !x3 &  x4
         # !cin & !x1 & !x2 & !x3 &  x4 & !y0
         # !x0 & !x2 & !x3 &  x4 & !y0 & !y1
         # !cin & !x0 & !x2 & !x3 &  x4 & !y1
         # !cin & !x2 & !x3 &  x4 & !y0 & !y1;

-- Node name is '~377~7' 
-- Equation name is '~377~7', location is LC062, type is buried.
-- synthesized logic cell 
_LC062   = LCELL( _EQ023 $  GND);
  _EQ023 = !x0 & !x1 & !x3 &  x4 & !y0 & !y2
         # !cin & !x0 & !x1 & !x3 &  x4 & !y2
         # !cin & !x1 & !x3 &  x4 & !y0 & !y2
         # !x0 & !x3 &  x4 & !y0 & !y1 & !y2
         # !cin & !x0 & !x3 &  x4 & !y1 & !y2;

-- Node name is '~377~8' 
-- Equation name is '~377~8', location is LC055, type is buried.
-- synthesized logic cell 
_LC055   = LCELL( _EQ024 $  GND);
  _EQ024 = !cin & !x3 &  x4 & !y0 & !y1 & !y2
         # !x0 & !x1 & !x2 &  x4 & !y0 & !y3
         # !cin & !x0 & !x1 & !x2 &  x4 & !y3
         # !cin & !x1 & !x2 &  x4 & !y0 & !y3
         # !x0 & !x2 &  x4 & !y0 & !y1 & !y3;

-- Node name is '~377~9' 
-- Equation name is '~377~9', location is LC057, type is buried.
-- synthesized logic cell 
_LC057   = LCELL( _EQ025 $  GND);
  _EQ025 = !cin & !x0 & !x2 &  x4 & !y1 & !y3
         # !cin & !x2 &  x4 & !y0 & !y1 & !y3
         # !x0 & !x1 &  x4 & !y0 & !y2 & !y3
         # !cin & !x0 & !x1 &  x4 & !y2 & !y3
         # !cin & !x1 &  x4 & !y0 & !y2 & !y3;

-- Node name is '~377~10' 
-- Equation name is '~377~10', location is LC059, type is buried.
-- synthesized logic cell 
_LC059   = LCELL( _EQ026 $  GND);
  _EQ026 = !x0 &  x4 & !y0 & !y1 & !y2 & !y3
         # !cin & !x0 &  x4 & !y1 & !y2 & !y3
         # !cin &  x4 & !y0 & !y1 & !y2 & !y3
         #  x1 &  x2 &  x3 & !x4 &  y1
         #  x1 &  x3 & !x4 &  y1 &  y2;

-- Node name is '~377~11' 
-- Equation name is '~377~11', location is LC036, type is buried.
-- synthesized logic cell 
_LC036   = LCELL( _EQ027 $  GND);
  _EQ027 =  x1 & !x4 &  y1 &  y2 &  y3
         #  x1 &  x2 & !x4 &  y1 &  y3
         # !x1 & !x2 & !x3 &  x4 & !y1
         # !x1 & !x3 &  x4 & !y1 & !y2
         # !x1 & !x2 &  x4 & !y1 & !y3;

-- Node name is '~377~12' 
-- Equation name is '~377~12', location is LC033, type is buried.
-- synthesized logic cell 
_LC033   = LCELL( _EQ028 $  GND);
  _EQ028 = !x1 &  x4 & !y1 & !y2 & !y3
         #  x2 &  x3 & !x4 &  y2
         #  x2 & !x4 &  y2 &  y3
         # !x2 & !x3 &  x4 & !y2
         # !x2 &  x4 & !y2 & !y3;

-- Node name is '~396~1' 
-- Equation name is '~396~1', location is LC054, type is buried.
-- synthesized logic cell 
_LC054   = LCELL( _EQ029 $  GND);
  _EQ029 = !cin & !x0 & !x2 & !x3 & !x4 & !y1
         # !cin & !x2 & !x3 & !x4 & !y0 & !y1
         # !x0 & !x1 & !x3 & !x4 & !y0 & !y2
         # !cin & !x0 & !x1 & !x3 & !x4 & !y2
         # !cin & !x1 & !x3 & !x4 & !y0 & !y2;

-- Node name is '~396~2' 
-- Equation name is '~396~2', location is LC050, type is buried.
-- synthesized logic cell 
_LC050   = LCELL( _EQ030 $  GND);
  _EQ030 = !x0 & !x3 & !x4 & !y0 & !y1 & !y2
         # !cin & !x0 & !x3 & !x4 & !y1 & !y2
         # !cin & !x3 & !x4 & !y0 & !y1 & !y2
         # !x0 & !x1 & !x2 & !x4 & !y0 & !y3
         # !cin & !x0 & !x1 & !x2 & !x4 & !y3;

-- Node name is '~396~3' 
-- Equation name is '~396~3', location is LC035, type is buried.
-- synthesized logic cell 
_LC035   = LCELL( _EQ031 $  GND);
  _EQ031 = !cin & !x1 & !x2 & !x4 & !y0 & !y3
         # !x0 & !x2 & !x4 & !y0 & !y1 & !y3
         # !cin & !x0 & !x2 & !x4 & !y1 & !y3
         # !cin & !x2 & !x4 & !y0 & !y1 & !y3
         # !x0 & !x1 & !x4 & !y0 & !y2 & !y3;

-- Node name is '~396~4' 
-- Equation name is '~396~4', location is LC045, type is buried.
-- synthesized logic cell 
_LC045   = LCELL( _EQ032 $  GND);
  _EQ032 = !cin & !x0 & !x1 & !x4 & !y2 & !y3
         # !cin & !x1 & !x4 & !y0 & !y2 & !y3
         # !x0 & !x4 & !y0 & !y1 & !y2 & !y3
         # !cin & !x0 & !x4 & !y1 & !y2 & !y3
         # !cin & !x4 & !y0 & !y1 & !y2 & !y3;

-- Node name is '~396~5' 
-- Equation name is '~396~5', location is LC044, type is buried.
-- synthesized logic cell 
_LC044   = LCELL( _EQ033 $  GND);
  _EQ033 = !x0 & !x1 & !x2 & !x3 & !y0 & !y4
         # !cin & !x0 & !x1 & !x2 & !x3 & !y4
         # !cin & !x1 & !x2 & !x3 & !y0 & !y4
         # !x0 & !x2 & !x3 & !y0 & !y1 & !y4
         # !cin & !x0 & !x2 & !x3 & !y1 & !y4;

-- Node name is '~396~6' 
-- Equation name is '~396~6', location is LC043, type is buried.
-- synthesized logic cell 
_LC043   = LCELL( _EQ034 $  GND);
  _EQ034 = !cin & !x2 & !x3 & !y0 & !y1 & !y4
         # !x0 & !x1 & !x3 & !y0 & !y2 & !y4
         # !cin & !x0 & !x1 & !x3 & !y2 & !y4
         # !cin & !x1 & !x3 & !y0 & !y2 & !y4
         # !x0 & !x3 & !y0 & !y1 & !y2 & !y4;

-- Node name is '~396~7' 
-- Equation name is '~396~7', location is LC042, type is buried.
-- synthesized logic cell 
_LC042   = LCELL( _EQ035 $  GND);
  _EQ035 = !cin & !x0 & !x3 & !y1 & !y2 & !y4
         # !cin & !x3 & !y0 & !y1 & !y2 & !y4
         # !x0 & !x1 & !x2 & !y0 & !y3 & !y4
         # !cin & !x0 & !x1 & !x2 & !y3 & !y4
         # !cin & !x1 & !x2 & !y0 & !y3 & !y4;

-- Node name is '~396~8' 
-- Equation name is '~396~8', location is LC040, type is buried.
-- synthesized logic cell 
_LC040   = LCELL( _EQ036 $  GND);
  _EQ036 = !x0 & !x2 & !y0 & !y1 & !y3 & !y4
         # !cin & !x0 & !x2 & !y1 & !y3 & !y4
         # !cin & !x2 & !y0 & !y1 & !y3 & !y4
         # !x0 & !x1 & !y0 & !y2 & !y3 & !y4
         # !cin & !x0 & !x1 & !y2 & !y3 & !y4;

-- Node name is '~396~9' 
-- Equation name is '~396~9', location is LC039, type is buried.
-- synthesized logic cell 
_LC039   = LCELL( _EQ037 $  GND);
  _EQ037 = !cin & !x1 & !y0 & !y2 & !y3 & !y4
         # !x0 & !y0 & !y1 & !y2 & !y3 & !y4
         # !cin & !x0 & !y1 & !y2 & !y3 & !y4
         # !cin & !y0 & !y1 & !y2 & !y3 & !y4
         # !x1 & !x2 & !x3 & !x4 & !y1;

-- Node name is '~396~10' 
-- Equation name is '~396~10', location is LC038, type is buried.
-- synthesized logic cell 
_LC038   = LCELL( _EQ038 $  GND);
  _EQ038 = !x1 & !x3 & !x4 & !y1 & !y2
         # !x1 & !x2 & !x4 & !y1 & !y3
         # !x1 & !x4 & !y1 & !y2 & !y3
         # !x1 & !x2 & !x3 & !y1 & !y4
         # !x1 & !x3 & !y1 & !y2 & !y4;

-- Node name is '~396~11' 
-- Equation name is '~396~11', location is LC037, type is buried.
-- synthesized logic cell 
_LC037   = LCELL( _EQ039 $  GND);
  _EQ039 = !x1 & !x2 & !y1 & !y3 & !y4
         # !x1 & !y1 & !y2 & !y3 & !y4
         # !x2 & !x3 & !x4 & !y2
         # !x2 & !x4 & !y2 & !y3
         # !x2 & !x3 & !y2 & !y4;

-- Node name is '~396~12' 
-- Equation name is '~396~12', location is LC048, type is buried.
-- synthesized logic cell 
_LC048   = LCELL( _EQ040 $  GND);
  _EQ040 = !x2 & !y2 & !y3 & !y4
         # !x3 & !x4 & !y3
         # !x3 & !y3 & !y4
         # !x4 & !y4;



--     Shareable expanders that are duplicated in multiple LABs:
--     (none)




Project Information               c:\maxplus2\trabajo\sumayresta5\sumador5.rpt

** COMPILATION SETTINGS & TIMES **

Processing Menu Commands
------------------------

Design Doctor                             = off

Logic Synthesis:

   Synthesis Type Used                    = Standard

   Default Synthesis Style                = NORMAL

      Logic option settings in 'NORMAL' style for 'MAX7000' family

      DECOMPOSE_GATES                     = on
      DUPLICATE_LOGIC_EXTRACTION          = on
      MINIMIZATION                        = full
      MULTI_LEVEL_FACTORING               = on
      NOT_GATE_PUSH_BACK                  = on
      PARALLEL_EXPANDERS                  = off
      REDUCE_LOGIC                        = on
      REFACTORIZATION                     = on
      REGISTER_OPTIMIZATION               = on
      RESYNTHESIZE_NETWORK                = on
      SLOW_SLEW_RATE                      = off
      SOFT_BUFFER_INSERTION               = on
      SUBFACTOR_EXTRACTION                = on
      TURBO_BIT                           = on
      XOR_SYNTHESIS                       = on
      IGNORE_SOFT_BUFFERS                 = off
      USE_LPM_FOR_AHDL_OPERATORS          = off

   Other logic synthesis settings:

      Automatic Global Clock              = on
      Automatic Global Clear              = on
      Automatic Global Preset             = on
      Automatic Global Output Enable      = on
      Automatic Fast I/O                  = off
      Automatic Register Packing          = off
      Automatic Open-Drain Pins           = on
      Automatic Implement in EAB          = off
      One-Hot State Machine Encoding      = off
      Optimize                            = 5

Default Timing Specifications: None

Cut All Bidir Feedback Timing Paths       = on
Cut All Clear & Preset Timing Paths       = on

Ignore Timing Assignments                 = off

Functional SNF Extractor                  = off

Linked SNF Extractor                      = off
Timing SNF Extractor                      = on
Optimize Timing SNF                       = off
Generate AHDL TDO File                    = off
Fitter Settings                           = NORMAL
Smart Recompile                           = off
Total Recompile                           = off

Interfaces Menu Commands
------------------------

EDIF Netlist Writer                       = off
Verilog Netlist Writer                    = off
VHDL Netlist Writer                       = off

Compilation Times
-----------------

   Compiler Netlist Extractor             00:00:00
   Database Builder                       00:00:00
   Logic Synthesizer                      00:00:01
   Partitioner                            00:00:00
   Fitter                                 00:00:00
   Timing SNF Extractor                   00:00:00
   Assembler                              00:00:00
   --------------------------             --------
   Total Time                             00:00:01


Memory Allocated
-----------------

Peak memory allocated during compilation  = 3,478K
